<?xml version="1.0" encoding="utf-8"?><testsuites name="pytest tests"><testsuite name="pytest" errors="0" failures="0" skipped="0" tests="13" time="5.389" timestamp="2026-07-24T16:07:22.339094+00:00" hostname="agent-env-83833dd1-7bff-4f57-8ca7-47bfe1035cb7"><testcase classname="tests.test_hqic_api" name="test_health" time="0.294" /><testcase classname="tests.test_hqic_api" name="test_root" time="0.065" /><testcase classname="tests.test_hqic_api" name="test_predict_returns_valid_result" time="0.817" /><testcase classname="tests.test_hqic_api" name="test_predict_frame" time="0.175" /><testcase classname="tests.test_hqic_api" name="test_get_history_contains_prediction" time="0.066" /><testcase classname="tests.test_hqic_api" name="test_get_prediction_by_id" time="0.072" /><testcase classname="tests.test_hqic_api" name="test_get_prediction_not_found" time="0.067" /><testcase classname="tests.test_hqic_api" name="test_clear_history" time="0.133" /><testcase classname="tests.test_hqic_api" name="test_stats_empty_after_clear" time="0.132" /><testcase classname="tests.test_hqic_api" name="test_predict_returns_bloch_vectors" time="0.714" /><testcase classname="tests.test_hqic_api" name="test_stats_populated" time="0.068" /><testcase classname="tests.test_hqic_api" name="test_upload_weights_wrapped_checkpoint" time="1.591" /><testcase classname="tests.test_hqic_api" name="test_upload_weights_raw_state_dict" time="0.612" /></testsuite></testsuites>