<?xml version="1.0" encoding="utf-8"?><testsuites name="pytest tests"><testsuite name="pytest" errors="0" failures="0" skipped="0" tests="8" time="8.468" timestamp="2026-07-24T15:38:20.334760+00:00" hostname="agent-env-83833dd1-7bff-4f57-8ca7-47bfe1035cb7"><testcase classname="tests.test_hqic_api" name="test_health" time="7.172" /><testcase classname="tests.test_hqic_api" name="test_root" time="0.043" /><testcase classname="tests.test_hqic_api" name="test_predict_returns_valid_result" time="0.307" /><testcase classname="tests.test_hqic_api" name="test_predict_frame" time="0.065" /><testcase classname="tests.test_hqic_api" name="test_get_history_contains_prediction" time="0.081" /><testcase classname="tests.test_hqic_api" name="test_get_prediction_by_id" time="0.044" /><testcase classname="tests.test_hqic_api" name="test_get_prediction_not_found" time="0.044" /><testcase classname="tests.test_hqic_api" name="test_clear_history" time="0.082" /></testsuite></testsuites>