<?xml version="1.0" encoding="utf-8"?><testsuites name="pytest tests"><testsuite name="pytest" errors="0" failures="0" skipped="0" tests="4" time="6.410" timestamp="2026-07-24T16:16:15.451180+00:00" hostname="agent-env-83833dd1-7bff-4f57-8ca7-47bfe1035cb7"><testcase classname="tests.test_video_api" name="test_video_file_exists" time="0.000" /><testcase classname="tests.test_video_api" name="test_predict_video_basic" time="5.376" /><testcase classname="tests.test_video_api" name="test_predict_video_max_frames" time="0.907" /><testcase classname="tests.test_video_api" name="test_predict_video_invalid_file" time="0.076" /></testsuite></testsuites>